

================================================================
== Vivado HLS Report for 'diff_sq_acc'
================================================================
* Date:           Fri Dec 25 18:24:49 2020

* Version:        2019.2 (Build 2704478 on Wed Nov 06 22:10:23 MST 2019)
* Project:        Squared_difference_accum
* Solution:       solution3
* Product family: zynq
* Target device:  xc7z020-clg484-1


================================================================
== Performance Estimates
================================================================
+ Timing: 
    * Summary: 
    +--------+----------+----------+------------+
    |  Clock |  Target  | Estimated| Uncertainty|
    +--------+----------+----------+------------+
    |ap_clk  | 10.00 ns | 9.400 ns |   1.25 ns  |
    +--------+----------+----------+------------+

+ Latency: 
    * Summary: 
    +---------+---------+----------+----------+-----+-----+---------+
    |  Latency (cycles) |  Latency (absolute) |  Interval | Pipeline|
    |   min   |   max   |    min   |    max   | min | max |   Type  |
    +---------+---------+----------+----------+-----+-----+---------+
    |       12|       12| 0.120 us | 0.120 us |   12|   12|   none  |
    +---------+---------+----------+----------+-----+-----+---------+

    + Detail: 
        * Instance: 
        N/A

        * Loop: 
        N/A



================================================================
== Utilization Estimates
================================================================
* Summary: 
+-----------------+---------+-------+--------+-------+-----+
|       Name      | BRAM_18K| DSP48E|   FF   |  LUT  | URAM|
+-----------------+---------+-------+--------+-------+-----+
|DSP              |        -|     10|       -|      -|    -|
|Expression       |        -|      -|       0|    343|    -|
|FIFO             |        -|      -|       -|      -|    -|
|Instance         |        4|      -|     250|    276|    -|
|Memory           |        -|      -|       -|      -|    -|
|Multiplexer      |        -|      -|       -|    159|    -|
|Register         |        -|      -|     439|      -|    -|
+-----------------+---------+-------+--------+-------+-----+
|Total            |        4|     10|     689|    778|    0|
+-----------------+---------+-------+--------+-------+-----+
|Available        |      280|    220|  106400|  53200|    0|
+-----------------+---------+-------+--------+-------+-----+
|Utilization (%)  |        1|      4|   ~0   |      1|    0|
+-----------------+---------+-------+--------+-------+-----+

+ Detail: 
    * Instance: 
    +------------------------------+----------------------------+---------+-------+-----+-----+-----+
    |           Instance           |           Module           | BRAM_18K| DSP48E|  FF | LUT | URAM|
    +------------------------------+----------------------------+---------+-------+-----+-----+-----+
    |diff_sq_acc_AXILiteS_s_axi_U  |diff_sq_acc_AXILiteS_s_axi  |        4|      0|  250|  276|    0|
    +------------------------------+----------------------------+---------+-------+-----+-----+-----+
    |Total                         |                            |        4|      0|  250|  276|    0|
    +------------------------------+----------------------------+---------+-------+-----+-----+-----+

    * DSP48E: 
    +--------------------------+----------------------+--------------+
    |         Instance         |        Module        |  Expression  |
    +--------------------------+----------------------+--------------+
    |diff_sq_acc_mac_mcud_U2   |diff_sq_acc_mac_mcud  | i0 + i1 * i1 |
    |diff_sq_acc_mac_mcud_U4   |diff_sq_acc_mac_mcud  | i0 + i1 * i1 |
    |diff_sq_acc_mac_mcud_U5   |diff_sq_acc_mac_mcud  | i0 + i1 * i1 |
    |diff_sq_acc_mac_mcud_U7   |diff_sq_acc_mac_mcud  | i0 + i1 * i1 |
    |diff_sq_acc_mac_mcud_U9   |diff_sq_acc_mac_mcud  | i0 + i1 * i1 |
    |diff_sq_acc_mac_mcud_U10  |diff_sq_acc_mac_mcud  | i0 + i1 * i1 |
    |diff_sq_acc_mul_mbkb_U1   |diff_sq_acc_mul_mbkb  |    i0 * i0   |
    |diff_sq_acc_mul_mbkb_U3   |diff_sq_acc_mul_mbkb  |    i0 * i0   |
    |diff_sq_acc_mul_mbkb_U6   |diff_sq_acc_mul_mbkb  |    i0 * i0   |
    |diff_sq_acc_mul_mbkb_U8   |diff_sq_acc_mul_mbkb  |    i0 * i0   |
    +--------------------------+----------------------+--------------+

    * Memory: 
    N/A

    * FIFO: 
    N/A

    * Expression: 
    +----------------------+----------+-------+---+----+------------+------------+
    |     Variable Name    | Operation| DSP48E| FF| LUT| Bitwidth P0| Bitwidth P1|
    +----------------------+----------+-------+---+----+------------+------------+
    |add_ln46_3_fu_421_p2  |     +    |      0|  0|  32|          32|          32|
    |add_ln46_7_fu_425_p2  |     +    |      0|  0|  39|          32|          32|
    |add_ln46_8_fu_429_p2  |     +    |      0|  0|  32|          32|          32|
    |sub_ln44_1_fu_276_p2  |     -    |      0|  0|  24|          17|          17|
    |sub_ln44_2_fu_293_p2  |     -    |      0|  0|  24|          17|          17|
    |sub_ln44_3_fu_307_p2  |     -    |      0|  0|  24|          17|          17|
    |sub_ln44_4_fu_324_p2  |     -    |      0|  0|  24|          17|          17|
    |sub_ln44_5_fu_344_p2  |     -    |      0|  0|  24|          17|          17|
    |sub_ln44_6_fu_361_p2  |     -    |      0|  0|  24|          17|          17|
    |sub_ln44_7_fu_378_p2  |     -    |      0|  0|  24|          17|          17|
    |sub_ln44_8_fu_392_p2  |     -    |      0|  0|  24|          17|          17|
    |sub_ln44_9_fu_409_p2  |     -    |      0|  0|  24|          17|          17|
    |sub_ln44_fu_259_p2    |     -    |      0|  0|  24|          17|          17|
    +----------------------+----------+-------+---+----+------------+------------+
    |Total                 |          |      0|  0| 343|         266|         266|
    +----------------------+----------+-------+---+----+------------+------------+

    * Multiplexer: 
    +--------------+----+-----------+-----+-----------+
    |     Name     | LUT| Input Size| Bits| Total Bits|
    +--------------+----+-----------+-----+-----------+
    |a_V_address0  |  50|         11|    4|         44|
    |ap_NS_fsm     |  59|         14|    1|         14|
    |b_V_address0  |  50|         11|    4|         44|
    +--------------+----+-----------+-----+-----------+
    |Total         | 159|         36|    9|        102|
    +--------------+----+-----------+-----+-----------+

    * Register: 
    +--------------------+----+----+-----+-----------+
    |        Name        | FF | LUT| Bits| Const Bits|
    +--------------------+----+----+-----+-----------+
    |add_ln46_2_reg_623  |  32|   0|   32|          0|
    |add_ln46_4_reg_663  |  32|   0|   32|          0|
    |add_ln46_6_reg_693  |  32|   0|   32|          0|
    |add_ln46_reg_568    |  32|   0|   32|          0|
    |ap_CS_fsm           |  13|   0|   13|          0|
    |mul_ln45_3_reg_588  |  32|   0|   32|          0|
    |mul_ln45_5_reg_628  |  32|   0|   32|          0|
    |mul_ln45_8_reg_683  |  32|   0|   32|          0|
    |mul_ln45_reg_533    |  32|   0|   32|          0|
    |sub_ln44_1_reg_538  |  17|   0|   17|          0|
    |sub_ln44_2_reg_553  |  17|   0|   17|          0|
    |sub_ln44_3_reg_573  |  17|   0|   17|          0|
    |sub_ln44_4_reg_593  |  17|   0|   17|          0|
    |sub_ln44_5_reg_608  |  17|   0|   17|          0|
    |sub_ln44_6_reg_633  |  17|   0|   17|          0|
    |sub_ln44_7_reg_648  |  17|   0|   17|          0|
    |sub_ln44_8_reg_668  |  17|   0|   17|          0|
    |sub_ln44_9_reg_688  |  17|   0|   17|          0|
    |sub_ln44_reg_518    |  17|   0|   17|          0|
    +--------------------+----+----+-----+-----------+
    |Total               | 439|   0|  439|          0|
    +--------------------+----+----+-----+-----------+



================================================================
== Interface
================================================================
* Summary: 
+------------------------+-----+-----+------------+--------------+--------------+
|        RTL Ports       | Dir | Bits|  Protocol  | Source Object|    C Type    |
+------------------------+-----+-----+------------+--------------+--------------+
|s_axi_AXILiteS_AWVALID  |  in |    1|    s_axi   |   AXILiteS   |    pointer   |
|s_axi_AXILiteS_AWREADY  | out |    1|    s_axi   |   AXILiteS   |    pointer   |
|s_axi_AXILiteS_AWADDR   |  in |    7|    s_axi   |   AXILiteS   |    pointer   |
|s_axi_AXILiteS_WVALID   |  in |    1|    s_axi   |   AXILiteS   |    pointer   |
|s_axi_AXILiteS_WREADY   | out |    1|    s_axi   |   AXILiteS   |    pointer   |
|s_axi_AXILiteS_WDATA    |  in |   32|    s_axi   |   AXILiteS   |    pointer   |
|s_axi_AXILiteS_WSTRB    |  in |    4|    s_axi   |   AXILiteS   |    pointer   |
|s_axi_AXILiteS_ARVALID  |  in |    1|    s_axi   |   AXILiteS   |    pointer   |
|s_axi_AXILiteS_ARREADY  | out |    1|    s_axi   |   AXILiteS   |    pointer   |
|s_axi_AXILiteS_ARADDR   |  in |    7|    s_axi   |   AXILiteS   |    pointer   |
|s_axi_AXILiteS_RVALID   | out |    1|    s_axi   |   AXILiteS   |    pointer   |
|s_axi_AXILiteS_RREADY   |  in |    1|    s_axi   |   AXILiteS   |    pointer   |
|s_axi_AXILiteS_RDATA    | out |   32|    s_axi   |   AXILiteS   |    pointer   |
|s_axi_AXILiteS_RRESP    | out |    2|    s_axi   |   AXILiteS   |    pointer   |
|s_axi_AXILiteS_BVALID   | out |    1|    s_axi   |   AXILiteS   |    pointer   |
|s_axi_AXILiteS_BREADY   |  in |    1|    s_axi   |   AXILiteS   |    pointer   |
|s_axi_AXILiteS_BRESP    | out |    2|    s_axi   |   AXILiteS   |    pointer   |
|ap_clk                  |  in |    1| ap_ctrl_hs |  diff_sq_acc | return value |
|ap_rst_n                |  in |    1| ap_ctrl_hs |  diff_sq_acc | return value |
|interrupt               | out |    1| ap_ctrl_hs |  diff_sq_acc | return value |
+------------------------+-----+-----+------------+--------------+--------------+

